2024-08-11T10:09:42.990+05:30  INFO 35504 --- [dsa-tracker-service] [restartedMain] c.a.dsa_tracker.DsaTrackerApplication    : Starting DsaTrackerApplication using Java 17.0.7 with PID 35504 (D:\Projects\PersonalProjects\DSA_Tracker\dsa-tracker\target\classes started by amitd in D:\Projects\PersonalProjects\DSA_Tracker)
2024-08-11T10:09:42.995+05:30  INFO 35504 --- [dsa-tracker-service] [restartedMain] c.a.dsa_tracker.DsaTrackerApplication    : No active profile set, falling back to 1 default profile: "default"
2024-08-11T10:09:43.100+05:30  INFO 35504 --- [dsa-tracker-service] [restartedMain] .e.DevToolsPropertyDefaultsPostProcessor : Devtools property defaults active! Set 'spring.devtools.add-properties' to 'false' to disable
2024-08-11T10:09:43.101+05:30  INFO 35504 --- [dsa-tracker-service] [restartedMain] .e.DevToolsPropertyDefaultsPostProcessor : For additional web related logging consider setting the 'logging.level.web' property to 'DEBUG'
2024-08-11T10:09:44.036+05:30  INFO 35504 --- [dsa-tracker-service] [restartedMain] .s.d.r.c.RepositoryConfigurationDelegate : Bootstrapping Spring Data JPA repositories in DEFAULT mode.
2024-08-11T10:09:44.086+05:30  INFO 35504 --- [dsa-tracker-service] [restartedMain] .s.d.r.c.RepositoryConfigurationDelegate : Finished Spring Data repository scanning in 16 ms. Found 0 JPA repository interfaces.
2024-08-11T10:09:45.041+05:30  INFO 35504 --- [dsa-tracker-service] [restartedMain] o.s.b.w.embedded.tomcat.TomcatWebServer  : Tomcat initialized with port 8080 (http)
2024-08-11T10:09:45.058+05:30  INFO 35504 --- [dsa-tracker-service] [restartedMain] o.apache.catalina.core.StandardService   : Starting service [Tomcat]
2024-08-11T10:09:45.060+05:30  INFO 35504 --- [dsa-tracker-service] [restartedMain] o.apache.catalina.core.StandardEngine    : Starting Servlet engine: [Apache Tomcat/10.1.26]
2024-08-11T10:09:45.122+05:30  INFO 35504 --- [dsa-tracker-service] [restartedMain] o.a.c.c.C.[Tomcat].[localhost].[/]       : Initializing Spring embedded WebApplicationContext
2024-08-11T10:09:45.123+05:30  INFO 35504 --- [dsa-tracker-service] [restartedMain] w.s.c.ServletWebServerApplicationContext : Root WebApplicationContext: initialization completed in 2021 ms
2024-08-11T10:09:45.217+05:30 ERROR 35504 --- [dsa-tracker-service] [restartedMain] com.zaxxer.hikari.HikariConfig           : Failed to load driver class com.mysql.cj.jdbc.Driver from HikariConfig class classloader jdk.internal.loader.ClassLoaders$AppClassLoader@2a139a55
2024-08-11T10:09:45.224+05:30  WARN 35504 --- [dsa-tracker-service] [restartedMain] ConfigServletWebServerApplicationContext : Exception encountered during context initialization - cancelling refresh attempt: org.springframework.beans.factory.BeanCreationException: Error creating bean with name 'entityManagerFactory' defined in class path resource [org/springframework/boot/autoconfigure/orm/jpa/HibernateJpaConfiguration.class]: Failed to initialize dependency 'dataSourceScriptDatabaseInitializer' of LoadTimeWeaverAware bean 'entityManagerFactory': Error creating bean with name 'dataSourceScriptDatabaseInitializer' defined in class path resource [org/springframework/boot/autoconfigure/sql/init/DataSourceInitializationConfiguration.class]: Unsatisfied dependency expressed through method 'dataSourceScriptDatabaseInitializer' parameter 0: Error creating bean with name 'dataSource' defined in class path resource [org/springframework/boot/autoconfigure/jdbc/DataSourceConfiguration$Hikari.class]: Failed to instantiate [com.zaxxer.hikari.HikariDataSource]: Factory method 'dataSource' threw exception with message: Failed to load driver class com.mysql.cj.jdbc.Driver in either of HikariConfig class loader or Thread context classloader
2024-08-11T10:09:45.235+05:30  INFO 35504 --- [dsa-tracker-service] [restartedMain] o.apache.catalina.core.StandardService   : Stopping service [Tomcat]
2024-08-11T10:09:45.303+05:30  INFO 35504 --- [dsa-tracker-service] [restartedMain] .s.b.a.l.ConditionEvaluationReportLogger : 

Error starting ApplicationContext. To display the condition evaluation report re-run your application with 'debug' enabled.
2024-08-11T10:09:45.346+05:30 ERROR 35504 --- [dsa-tracker-service] [restartedMain] o.s.boot.SpringApplication               : Application run failed

org.springframework.beans.factory.BeanCreationException: Error creating bean with name 'entityManagerFactory' defined in class path resource [org/springframework/boot/autoconfigure/orm/jpa/HibernateJpaConfiguration.class]: Failed to initialize dependency 'dataSourceScriptDatabaseInitializer' of LoadTimeWeaverAware bean 'entityManagerFactory': Error creating bean with name 'dataSourceScriptDatabaseInitializer' defined in class path resource [org/springframework/boot/autoconfigure/sql/init/DataSourceInitializationConfiguration.class]: Unsatisfied dependency expressed through method 'dataSourceScriptDatabaseInitializer' parameter 0: Error creating bean with name 'dataSource' defined in class path resource [org/springframework/boot/autoconfigure/jdbc/DataSourceConfiguration$Hikari.class]: Failed to instantiate [com.zaxxer.hikari.HikariDataSource]: Factory method 'dataSource' threw exception with message: Failed to load driver class com.mysql.cj.jdbc.Driver in either of HikariConfig class loader or Thread context classloader
	at org.springframework.beans.factory.support.AbstractBeanFactory.doGetBean(AbstractBeanFactory.java:326) ~[spring-beans-6.1.11.jar:6.1.11]
	at org.springframework.beans.factory.support.AbstractBeanFactory.getBean(AbstractBeanFactory.java:205) ~[spring-beans-6.1.11.jar:6.1.11]
	at org.springframework.context.support.AbstractApplicationContext.finishBeanFactoryInitialization(AbstractApplicationContext.java:954) ~[spring-context-6.1.11.jar:6.1.11]
	at org.springframework.context.support.AbstractApplicationContext.refresh(AbstractApplicationContext.java:625) ~[spring-context-6.1.11.jar:6.1.11]
	at org.springframework.boot.web.servlet.context.ServletWebServerApplicationContext.refresh(ServletWebServerApplicationContext.java:146) ~[spring-boot-3.3.2.jar:3.3.2]
	at org.springframework.boot.SpringApplication.refresh(SpringApplication.java:754) ~[spring-boot-3.3.2.jar:3.3.2]
	at org.springframework.boot.SpringApplication.refreshContext(SpringApplication.java:456) ~[spring-boot-3.3.2.jar:3.3.2]
	at org.springframework.boot.SpringApplication.run(SpringApplication.java:335) ~[spring-boot-3.3.2.jar:3.3.2]
	at org.springframework.boot.SpringApplication.run(SpringApplication.java:1363) ~[spring-boot-3.3.2.jar:3.3.2]
	at org.springframework.boot.SpringApplication.run(SpringApplication.java:1352) ~[spring-boot-3.3.2.jar:3.3.2]
	at com.amit.dsa_tracker.DsaTrackerApplication.main(DsaTrackerApplication.java:10) ~[classes/:na]
	at java.base/jdk.internal.reflect.NativeMethodAccessorImpl.invoke0(Native Method) ~[na:na]
	at java.base/jdk.internal.reflect.NativeMethodAccessorImpl.invoke(NativeMethodAccessorImpl.java:77) ~[na:na]
	at java.base/jdk.internal.reflect.DelegatingMethodAccessorImpl.invoke(DelegatingMethodAccessorImpl.java:43) ~[na:na]
	at java.base/java.lang.reflect.Method.invoke(Method.java:568) ~[na:na]
	at org.springframework.boot.devtools.restart.RestartLauncher.run(RestartLauncher.java:50) ~[spring-boot-devtools-3.3.2.jar:3.3.2]
Caused by: org.springframework.beans.factory.UnsatisfiedDependencyException: Error creating bean with name 'dataSourceScriptDatabaseInitializer' defined in class path resource [org/springframework/boot/autoconfigure/sql/init/DataSourceInitializationConfiguration.class]: Unsatisfied dependency expressed through method 'dataSourceScriptDatabaseInitializer' parameter 0: Error creating bean with name 'dataSource' defined in class path resource [org/springframework/boot/autoconfigure/jdbc/DataSourceConfiguration$Hikari.class]: Failed to instantiate [com.zaxxer.hikari.HikariDataSource]: Factory method 'dataSource' threw exception with message: Failed to load driver class com.mysql.cj.jdbc.Driver in either of HikariConfig class loader or Thread context classloader
	at org.springframework.beans.factory.support.ConstructorResolver.createArgumentArray(ConstructorResolver.java:795) ~[spring-beans-6.1.11.jar:6.1.11]
	at org.springframework.beans.factory.support.ConstructorResolver.instantiateUsingFactoryMethod(ConstructorResolver.java:542) ~[spring-beans-6.1.11.jar:6.1.11]
	at org.springframework.beans.factory.support.AbstractAutowireCapableBeanFactory.instantiateUsingFactoryMethod(AbstractAutowireCapableBeanFactory.java:1355) ~[spring-beans-6.1.11.jar:6.1.11]
	at org.springframework.beans.factory.support.AbstractAutowireCapableBeanFactory.createBeanInstance(AbstractAutowireCapableBeanFactory.java:1185) ~[spring-beans-6.1.11.jar:6.1.11]
	at org.springframework.beans.factory.support.AbstractAutowireCapableBeanFactory.doCreateBean(AbstractAutowireCapableBeanFactory.java:562) ~[spring-beans-6.1.11.jar:6.1.11]
	at org.springframework.beans.factory.support.AbstractAutowireCapableBeanFactory.createBean(AbstractAutowireCapableBeanFactory.java:522) ~[spring-beans-6.1.11.jar:6.1.11]
	at org.springframework.beans.factory.support.AbstractBeanFactory.lambda$doGetBean$0(AbstractBeanFactory.java:337) ~[spring-beans-6.1.11.jar:6.1.11]
	at org.springframework.beans.factory.support.DefaultSingletonBeanRegistry.getSingleton(DefaultSingletonBeanRegistry.java:234) ~[spring-beans-6.1.11.jar:6.1.11]
	at org.springframework.beans.factory.support.AbstractBeanFactory.doGetBean(AbstractBeanFactory.java:335) ~[spring-beans-6.1.11.jar:6.1.11]
	at org.springframework.beans.factory.support.AbstractBeanFactory.getBean(AbstractBeanFactory.java:200) ~[spring-beans-6.1.11.jar:6.1.11]
	at org.springframework.beans.factory.support.AbstractBeanFactory.doGetBean(AbstractBeanFactory.java:313) ~[spring-beans-6.1.11.jar:6.1.11]
	... 15 common frames omitted
Caused by: org.springframework.beans.factory.BeanCreationException: Error creating bean with name 'dataSource' defined in class path resource [org/springframework/boot/autoconfigure/jdbc/DataSourceConfiguration$Hikari.class]: Failed to instantiate [com.zaxxer.hikari.HikariDataSource]: Factory method 'dataSource' threw exception with message: Failed to load driver class com.mysql.cj.jdbc.Driver in either of HikariConfig class loader or Thread context classloader
	at org.springframework.beans.factory.support.ConstructorResolver.instantiate(ConstructorResolver.java:648) ~[spring-beans-6.1.11.jar:6.1.11]
	at org.springframework.beans.factory.support.ConstructorResolver.instantiateUsingFactoryMethod(ConstructorResolver.java:636) ~[spring-beans-6.1.11.jar:6.1.11]
	at org.springframework.beans.factory.support.AbstractAutowireCapableBeanFactory.instantiateUsingFactoryMethod(AbstractAutowireCapableBeanFactory.java:1355) ~[spring-beans-6.1.11.jar:6.1.11]
	at org.springframework.beans.factory.support.AbstractAutowireCapableBeanFactory.createBeanInstance(AbstractAutowireCapableBeanFactory.java:1185) ~[spring-beans-6.1.11.jar:6.1.11]
	at org.springframework.beans.factory.support.AbstractAutowireCapableBeanFactory.doCreateBean(AbstractAutowireCapableBeanFactory.java:562) ~[spring-beans-6.1.11.jar:6.1.11]
	at org.springframework.beans.factory.support.AbstractAutowireCapableBeanFactory.createBean(AbstractAutowireCapableBeanFactory.java:522) ~[spring-beans-6.1.11.jar:6.1.11]
	at org.springframework.beans.factory.support.AbstractBeanFactory.lambda$doGetBean$0(AbstractBeanFactory.java:337) ~[spring-beans-6.1.11.jar:6.1.11]
	at org.springframework.beans.factory.support.DefaultSingletonBeanRegistry.getSingleton(DefaultSingletonBeanRegistry.java:234) ~[spring-beans-6.1.11.jar:6.1.11]
	at org.springframework.beans.factory.support.AbstractBeanFactory.doGetBean(AbstractBeanFactory.java:335) ~[spring-beans-6.1.11.jar:6.1.11]
	at org.springframework.beans.factory.support.AbstractBeanFactory.getBean(AbstractBeanFactory.java:200) ~[spring-beans-6.1.11.jar:6.1.11]
	at org.springframework.beans.factory.config.DependencyDescriptor.resolveCandidate(DependencyDescriptor.java:254) ~[spring-beans-6.1.11.jar:6.1.11]
	at org.springframework.beans.factory.support.DefaultListableBeanFactory.doResolveDependency(DefaultListableBeanFactory.java:1443) ~[spring-beans-6.1.11.jar:6.1.11]
	at org.springframework.beans.factory.support.DefaultListableBeanFactory.resolveDependency(DefaultListableBeanFactory.java:1353) ~[spring-beans-6.1.11.jar:6.1.11]
	at org.springframework.beans.factory.support.ConstructorResolver.resolveAutowiredArgument(ConstructorResolver.java:904) ~[spring-beans-6.1.11.jar:6.1.11]
	at org.springframework.beans.factory.support.ConstructorResolver.createArgumentArray(ConstructorResolver.java:782) ~[spring-beans-6.1.11.jar:6.1.11]
	... 25 common frames omitted
Caused by: org.springframework.beans.BeanInstantiationException: Failed to instantiate [com.zaxxer.hikari.HikariDataSource]: Factory method 'dataSource' threw exception with message: Failed to load driver class com.mysql.cj.jdbc.Driver in either of HikariConfig class loader or Thread context classloader
	at org.springframework.beans.factory.support.SimpleInstantiationStrategy.instantiate(SimpleInstantiationStrategy.java:178) ~[spring-beans-6.1.11.jar:6.1.11]
	at org.springframework.beans.factory.support.ConstructorResolver.instantiate(ConstructorResolver.java:644) ~[spring-beans-6.1.11.jar:6.1.11]
	... 39 common frames omitted
Caused by: java.lang.RuntimeException: Failed to load driver class com.mysql.cj.jdbc.Driver in either of HikariConfig class loader or Thread context classloader
	at com.zaxxer.hikari.HikariConfig.setDriverClassName(HikariConfig.java:494) ~[HikariCP-5.1.0.jar:na]
	at org.springframework.boot.jdbc.DataSourceBuilder$MappedDataSourceProperty.set(DataSourceBuilder.java:479) ~[spring-boot-3.3.2.jar:3.3.2]
	at org.springframework.boot.jdbc.DataSourceBuilder$MappedDataSourceProperties.set(DataSourceBuilder.java:373) ~[spring-boot-3.3.2.jar:3.3.2]
	at org.springframework.boot.jdbc.DataSourceBuilder.build(DataSourceBuilder.java:183) ~[spring-boot-3.3.2.jar:3.3.2]
	at org.springframework.boot.autoconfigure.jdbc.DataSourceConfiguration.createDataSource(DataSourceConfiguration.java:59) ~[spring-boot-autoconfigure-3.3.2.jar:3.3.2]
	at org.springframework.boot.autoconfigure.jdbc.DataSourceConfiguration$Hikari.dataSource(DataSourceConfiguration.java:117) ~[spring-boot-autoconfigure-3.3.2.jar:3.3.2]
	at java.base/jdk.internal.reflect.NativeMethodAccessorImpl.invoke0(Native Method) ~[na:na]
	at java.base/jdk.internal.reflect.NativeMethodAccessorImpl.invoke(NativeMethodAccessorImpl.java:77) ~[na:na]
	at java.base/jdk.internal.reflect.DelegatingMethodAccessorImpl.invoke(DelegatingMethodAccessorImpl.java:43) ~[na:na]
	at java.base/java.lang.reflect.Method.invoke(Method.java:568) ~[na:na]
	at org.springframework.beans.factory.support.SimpleInstantiationStrategy.instantiate(SimpleInstantiationStrategy.java:146) ~[spring-beans-6.1.11.jar:6.1.11]
	... 40 common frames omitted

2024-08-11T10:12:18.465+05:30  INFO 14960 --- [dsa-tracker-service] [restartedMain] c.a.dsa_tracker.DsaTrackerApplication    : Starting DsaTrackerApplication using Java 17.0.7 with PID 14960 (D:\Projects\PersonalProjects\DSA_Tracker\dsa-tracker\target\classes started by amitd in D:\Projects\PersonalProjects\DSA_Tracker)
2024-08-11T10:12:18.470+05:30  INFO 14960 --- [dsa-tracker-service] [restartedMain] c.a.dsa_tracker.DsaTrackerApplication    : No active profile set, falling back to 1 default profile: "default"
2024-08-11T10:12:18.577+05:30  INFO 14960 --- [dsa-tracker-service] [restartedMain] .e.DevToolsPropertyDefaultsPostProcessor : Devtools property defaults active! Set 'spring.devtools.add-properties' to 'false' to disable
2024-08-11T10:12:18.578+05:30  INFO 14960 --- [dsa-tracker-service] [restartedMain] .e.DevToolsPropertyDefaultsPostProcessor : For additional web related logging consider setting the 'logging.level.web' property to 'DEBUG'
2024-08-11T10:12:19.611+05:30  INFO 14960 --- [dsa-tracker-service] [restartedMain] .s.d.r.c.RepositoryConfigurationDelegate : Bootstrapping Spring Data JPA repositories in DEFAULT mode.
2024-08-11T10:12:19.667+05:30  INFO 14960 --- [dsa-tracker-service] [restartedMain] .s.d.r.c.RepositoryConfigurationDelegate : Finished Spring Data repository scanning in 30 ms. Found 0 JPA repository interfaces.
2024-08-11T10:12:20.539+05:30  INFO 14960 --- [dsa-tracker-service] [restartedMain] o.s.b.w.embedded.tomcat.TomcatWebServer  : Tomcat initialized with port 8080 (http)
2024-08-11T10:12:20.550+05:30  INFO 14960 --- [dsa-tracker-service] [restartedMain] o.apache.catalina.core.StandardService   : Starting service [Tomcat]
2024-08-11T10:12:20.551+05:30  INFO 14960 --- [dsa-tracker-service] [restartedMain] o.apache.catalina.core.StandardEngine    : Starting Servlet engine: [Apache Tomcat/10.1.26]
2024-08-11T10:12:20.619+05:30  INFO 14960 --- [dsa-tracker-service] [restartedMain] o.a.c.c.C.[Tomcat].[localhost].[/]       : Initializing Spring embedded WebApplicationContext
2024-08-11T10:12:20.621+05:30  INFO 14960 --- [dsa-tracker-service] [restartedMain] w.s.c.ServletWebServerApplicationContext : Root WebApplicationContext: initialization completed in 2041 ms
2024-08-11T10:12:20.893+05:30  INFO 14960 --- [dsa-tracker-service] [restartedMain] o.hibernate.jpa.internal.util.LogHelper  : HHH000204: Processing PersistenceUnitInfo [name: default]
2024-08-11T10:12:21.008+05:30  INFO 14960 --- [dsa-tracker-service] [restartedMain] org.hibernate.Version                    : HHH000412: Hibernate ORM core version 6.5.2.Final
2024-08-11T10:12:21.052+05:30  INFO 14960 --- [dsa-tracker-service] [restartedMain] o.h.c.internal.RegionFactoryInitiator    : HHH000026: Second-level cache disabled
2024-08-11T10:12:21.414+05:30  INFO 14960 --- [dsa-tracker-service] [restartedMain] o.s.o.j.p.SpringPersistenceUnitInfo      : No LoadTimeWeaver setup: ignoring JPA class transformer
2024-08-11T10:12:21.471+05:30  INFO 14960 --- [dsa-tracker-service] [restartedMain] com.zaxxer.hikari.HikariDataSource       : HikariPool-1 - Starting...
2024-08-11T10:12:22.112+05:30  INFO 14960 --- [dsa-tracker-service] [restartedMain] com.zaxxer.hikari.pool.HikariPool        : HikariPool-1 - Added connection com.mysql.cj.jdbc.ConnectionImpl@5dbb2af1
2024-08-11T10:12:22.116+05:30  INFO 14960 --- [dsa-tracker-service] [restartedMain] com.zaxxer.hikari.HikariDataSource       : HikariPool-1 - Start completed.
2024-08-11T10:12:22.600+05:30  INFO 14960 --- [dsa-tracker-service] [restartedMain] o.h.e.t.j.p.i.JtaPlatformInitiator       : HHH000489: No JTA platform available (set 'hibernate.transaction.jta.platform' to enable JTA platform integration)
2024-08-11T10:12:22.606+05:30  INFO 14960 --- [dsa-tracker-service] [restartedMain] j.LocalContainerEntityManagerFactoryBean : Initialized JPA EntityManagerFactory for persistence unit 'default'
2024-08-11T10:12:22.712+05:30  WARN 14960 --- [dsa-tracker-service] [restartedMain] JpaBaseConfiguration$JpaWebConfiguration : spring.jpa.open-in-view is enabled by default. Therefore, database queries may be performed during view rendering. Explicitly configure spring.jpa.open-in-view to disable this warning
2024-08-11T10:12:22.892+05:30 DEBUG 14960 --- [dsa-tracker-service] [restartedMain] s.w.s.m.m.a.RequestMappingHandlerMapping : 2 mappings in 'requestMappingHandlerMapping'
2024-08-11T10:12:23.045+05:30 DEBUG 14960 --- [dsa-tracker-service] [restartedMain] o.s.w.s.handler.SimpleUrlHandlerMapping  : Patterns [/webjars/**, /**] in 'resourceHandlerMapping'
2024-08-11T10:12:23.116+05:30 DEBUG 14960 --- [dsa-tracker-service] [restartedMain] s.w.s.m.m.a.RequestMappingHandlerAdapter : ControllerAdvice beans: 0 @ModelAttribute, 0 @InitBinder, 1 RequestBodyAdvice, 1 ResponseBodyAdvice
2024-08-11T10:12:23.204+05:30 DEBUG 14960 --- [dsa-tracker-service] [restartedMain] .m.m.a.ExceptionHandlerExceptionResolver : ControllerAdvice beans: 0 @ExceptionHandler, 1 ResponseBodyAdvice
2024-08-11T10:12:23.421+05:30  INFO 14960 --- [dsa-tracker-service] [restartedMain] o.s.b.d.a.OptionalLiveReloadServer       : LiveReload server is running on port 35729
2024-08-11T10:12:23.486+05:30  INFO 14960 --- [dsa-tracker-service] [restartedMain] o.s.b.w.embedded.tomcat.TomcatWebServer  : Tomcat started on port 8080 (http) with context path '/'
2024-08-11T10:12:23.504+05:30  INFO 14960 --- [dsa-tracker-service] [restartedMain] c.a.dsa_tracker.DsaTrackerApplication    : Started DsaTrackerApplication in 5.647 seconds (process running for 6.127)
2024-08-11T10:14:03.574+05:30  INFO 14960 --- [dsa-tracker-service] [File Watcher] rtingClassPathChangeChangedEventListener : Restarting due to 1 class path change (0 additions, 0 deletions, 1 modification)
2024-08-11T10:14:03.764+05:30  INFO 14960 --- [dsa-tracker-service] [Thread-5] j.LocalContainerEntityManagerFactoryBean : Closing JPA EntityManagerFactory for persistence unit 'default'
2024-08-11T10:14:03.768+05:30  INFO 14960 --- [dsa-tracker-service] [Thread-5] com.zaxxer.hikari.HikariDataSource       : HikariPool-1 - Shutdown initiated...
2024-08-11T10:14:03.786+05:30  INFO 14960 --- [dsa-tracker-service] [Thread-5] com.zaxxer.hikari.HikariDataSource       : HikariPool-1 - Shutdown completed.
2024-08-11T10:14:03.876+05:30  INFO 14960 --- [dsa-tracker-service] [restartedMain] c.a.dsa_tracker.DsaTrackerApplication    : Starting DsaTrackerApplication using Java 17.0.7 with PID 14960 (D:\Projects\PersonalProjects\DSA_Tracker\dsa-tracker\target\classes started by amitd in D:\Projects\PersonalProjects\DSA_Tracker)
2024-08-11T10:14:03.877+05:30  INFO 14960 --- [dsa-tracker-service] [restartedMain] c.a.dsa_tracker.DsaTrackerApplication    : No active profile set, falling back to 1 default profile: "default"
2024-08-11T10:14:04.068+05:30  INFO 14960 --- [dsa-tracker-service] [restartedMain] .s.d.r.c.RepositoryConfigurationDelegate : Bootstrapping Spring Data JPA repositories in DEFAULT mode.
2024-08-11T10:14:04.072+05:30  INFO 14960 --- [dsa-tracker-service] [restartedMain] .s.d.r.c.RepositoryConfigurationDelegate : Finished Spring Data repository scanning in 2 ms. Found 0 JPA repository interfaces.
2024-08-11T10:14:04.188+05:30  INFO 14960 --- [dsa-tracker-service] [restartedMain] o.s.b.w.embedded.tomcat.TomcatWebServer  : Tomcat initialized with port 8080 (http)
2024-08-11T10:14:04.190+05:30  INFO 14960 --- [dsa-tracker-service] [restartedMain] o.apache.catalina.core.StandardService   : Starting service [Tomcat]
2024-08-11T10:14:04.191+05:30  INFO 14960 --- [dsa-tracker-service] [restartedMain] o.apache.catalina.core.StandardEngine    : Starting Servlet engine: [Apache Tomcat/10.1.26]
2024-08-11T10:14:04.222+05:30  INFO 14960 --- [dsa-tracker-service] [restartedMain] o.a.c.c.C.[Tomcat].[localhost].[/]       : Initializing Spring embedded WebApplicationContext
2024-08-11T10:14:04.224+05:30  INFO 14960 --- [dsa-tracker-service] [restartedMain] w.s.c.ServletWebServerApplicationContext : Root WebApplicationContext: initialization completed in 343 ms
2024-08-11T10:14:04.257+05:30  INFO 14960 --- [dsa-tracker-service] [restartedMain] o.hibernate.jpa.internal.util.LogHelper  : HHH000204: Processing PersistenceUnitInfo [name: default]
2024-08-11T10:14:04.262+05:30  INFO 14960 --- [dsa-tracker-service] [restartedMain] o.h.c.internal.RegionFactoryInitiator    : HHH000026: Second-level cache disabled
2024-08-11T10:14:04.275+05:30  INFO 14960 --- [dsa-tracker-service] [restartedMain] o.s.o.j.p.SpringPersistenceUnitInfo      : No LoadTimeWeaver setup: ignoring JPA class transformer
2024-08-11T10:14:04.277+05:30  INFO 14960 --- [dsa-tracker-service] [restartedMain] com.zaxxer.hikari.HikariDataSource       : HikariPool-2 - Starting...
2024-08-11T10:14:04.302+05:30  INFO 14960 --- [dsa-tracker-service] [restartedMain] com.zaxxer.hikari.pool.HikariPool        : HikariPool-2 - Added connection com.mysql.cj.jdbc.ConnectionImpl@74837ada
2024-08-11T10:14:04.303+05:30  INFO 14960 --- [dsa-tracker-service] [restartedMain] com.zaxxer.hikari.HikariDataSource       : HikariPool-2 - Start completed.
2024-08-11T10:14:04.329+05:30  INFO 14960 --- [dsa-tracker-service] [restartedMain] o.h.e.t.j.p.i.JtaPlatformInitiator       : HHH000489: No JTA platform available (set 'hibernate.transaction.jta.platform' to enable JTA platform integration)
2024-08-11T10:14:04.330+05:30  INFO 14960 --- [dsa-tracker-service] [restartedMain] j.LocalContainerEntityManagerFactoryBean : Initialized JPA EntityManagerFactory for persistence unit 'default'
2024-08-11T10:14:04.362+05:30  WARN 14960 --- [dsa-tracker-service] [restartedMain] JpaBaseConfiguration$JpaWebConfiguration : spring.jpa.open-in-view is enabled by default. Therefore, database queries may be performed during view rendering. Explicitly configure spring.jpa.open-in-view to disable this warning
2024-08-11T10:14:04.379+05:30 DEBUG 14960 --- [dsa-tracker-service] [restartedMain] s.w.s.m.m.a.RequestMappingHandlerMapping : 2 mappings in 'requestMappingHandlerMapping'
2024-08-11T10:14:04.418+05:30 DEBUG 14960 --- [dsa-tracker-service] [restartedMain] o.s.w.s.handler.SimpleUrlHandlerMapping  : Patterns [/webjars/**, /**] in 'resourceHandlerMapping'
2024-08-11T10:14:04.431+05:30 DEBUG 14960 --- [dsa-tracker-service] [restartedMain] s.w.s.m.m.a.RequestMappingHandlerAdapter : ControllerAdvice beans: 0 @ModelAttribute, 0 @InitBinder, 1 RequestBodyAdvice, 1 ResponseBodyAdvice
2024-08-11T10:14:04.438+05:30 DEBUG 14960 --- [dsa-tracker-service] [restartedMain] .m.m.a.ExceptionHandlerExceptionResolver : ControllerAdvice beans: 0 @ExceptionHandler, 1 ResponseBodyAdvice
2024-08-11T10:14:04.496+05:30  INFO 14960 --- [dsa-tracker-service] [restartedMain] o.s.b.d.a.OptionalLiveReloadServer       : LiveReload server is running on port 35729
2024-08-11T10:14:04.509+05:30  INFO 14960 --- [dsa-tracker-service] [restartedMain] o.s.b.w.embedded.tomcat.TomcatWebServer  : Tomcat started on port 8080 (http) with context path '/'
2024-08-11T10:14:04.515+05:30  INFO 14960 --- [dsa-tracker-service] [restartedMain] c.a.dsa_tracker.DsaTrackerApplication    : Started DsaTrackerApplication in 0.664 seconds (process running for 107.138)
2024-08-11T10:14:04.518+05:30  INFO 14960 --- [dsa-tracker-service] [restartedMain] .ConditionEvaluationDeltaLoggingListener : Condition evaluation unchanged
2024-08-11T12:39:37.676+05:30  INFO 34692 --- [dsa-tracker-service] [restartedMain] c.a.dsa_tracker.DsaTrackerApplication    : Starting DsaTrackerApplication using Java 17.0.7 with PID 34692 (D:\Projects\PersonalProjects\DSA_Tracker\dsa-tracker\target\classes started by amitd in D:\Projects\PersonalProjects\DSA_Tracker)
2024-08-11T12:39:37.681+05:30  INFO 34692 --- [dsa-tracker-service] [restartedMain] c.a.dsa_tracker.DsaTrackerApplication    : No active profile set, falling back to 1 default profile: "default"
2024-08-11T12:39:37.835+05:30  INFO 34692 --- [dsa-tracker-service] [restartedMain] .e.DevToolsPropertyDefaultsPostProcessor : Devtools property defaults active! Set 'spring.devtools.add-properties' to 'false' to disable
2024-08-11T12:39:37.836+05:30  INFO 34692 --- [dsa-tracker-service] [restartedMain] .e.DevToolsPropertyDefaultsPostProcessor : For additional web related logging consider setting the 'logging.level.web' property to 'DEBUG'
2024-08-11T12:39:38.899+05:30  INFO 34692 --- [dsa-tracker-service] [restartedMain] .s.d.r.c.RepositoryConfigurationDelegate : Bootstrapping Spring Data JPA repositories in DEFAULT mode.
2024-08-11T12:39:38.944+05:30  INFO 34692 --- [dsa-tracker-service] [restartedMain] .s.d.r.c.RepositoryConfigurationDelegate : Finished Spring Data repository scanning in 14 ms. Found 0 JPA repository interfaces.
2024-08-11T12:39:40.094+05:30  INFO 34692 --- [dsa-tracker-service] [restartedMain] o.s.b.w.embedded.tomcat.TomcatWebServer  : Tomcat initialized with port 8080 (http)
2024-08-11T12:39:40.115+05:30  INFO 34692 --- [dsa-tracker-service] [restartedMain] o.apache.catalina.core.StandardService   : Starting service [Tomcat]
2024-08-11T12:39:40.116+05:30  INFO 34692 --- [dsa-tracker-service] [restartedMain] o.apache.catalina.core.StandardEngine    : Starting Servlet engine: [Apache Tomcat/10.1.26]
2024-08-11T12:39:40.197+05:30  INFO 34692 --- [dsa-tracker-service] [restartedMain] o.a.c.c.C.[Tomcat].[localhost].[/]       : Initializing Spring embedded WebApplicationContext
2024-08-11T12:39:40.198+05:30  INFO 34692 --- [dsa-tracker-service] [restartedMain] w.s.c.ServletWebServerApplicationContext : Root WebApplicationContext: initialization completed in 2360 ms
2024-08-11T12:39:40.596+05:30  INFO 34692 --- [dsa-tracker-service] [restartedMain] o.hibernate.jpa.internal.util.LogHelper  : HHH000204: Processing PersistenceUnitInfo [name: default]
2024-08-11T12:39:40.723+05:30  INFO 34692 --- [dsa-tracker-service] [restartedMain] org.hibernate.Version                    : HHH000412: Hibernate ORM core version 6.5.2.Final
2024-08-11T12:39:40.798+05:30  INFO 34692 --- [dsa-tracker-service] [restartedMain] o.h.c.internal.RegionFactoryInitiator    : HHH000026: Second-level cache disabled
2024-08-11T12:39:41.183+05:30  INFO 34692 --- [dsa-tracker-service] [restartedMain] o.s.o.j.p.SpringPersistenceUnitInfo      : No LoadTimeWeaver setup: ignoring JPA class transformer
2024-08-11T12:39:41.261+05:30  INFO 34692 --- [dsa-tracker-service] [restartedMain] com.zaxxer.hikari.HikariDataSource       : HikariPool-1 - Starting...
2024-08-11T12:39:41.643+05:30  INFO 34692 --- [dsa-tracker-service] [restartedMain] com.zaxxer.hikari.pool.HikariPool        : HikariPool-1 - Added connection com.mysql.cj.jdbc.ConnectionImpl@4bc13de5
2024-08-11T12:39:41.645+05:30  INFO 34692 --- [dsa-tracker-service] [restartedMain] com.zaxxer.hikari.HikariDataSource       : HikariPool-1 - Start completed.
2024-08-11T12:39:42.228+05:30  INFO 34692 --- [dsa-tracker-service] [restartedMain] o.h.e.t.j.p.i.JtaPlatformInitiator       : HHH000489: No JTA platform available (set 'hibernate.transaction.jta.platform' to enable JTA platform integration)
2024-08-11T12:39:42.234+05:30  INFO 34692 --- [dsa-tracker-service] [restartedMain] j.LocalContainerEntityManagerFactoryBean : Initialized JPA EntityManagerFactory for persistence unit 'default'
2024-08-11T12:39:42.359+05:30  WARN 34692 --- [dsa-tracker-service] [restartedMain] JpaBaseConfiguration$JpaWebConfiguration : spring.jpa.open-in-view is enabled by default. Therefore, database queries may be performed during view rendering. Explicitly configure spring.jpa.open-in-view to disable this warning
2024-08-11T12:39:42.550+05:30 DEBUG 34692 --- [dsa-tracker-service] [restartedMain] s.w.s.m.m.a.RequestMappingHandlerMapping : 3 mappings in 'requestMappingHandlerMapping'
2024-08-11T12:39:42.724+05:30 DEBUG 34692 --- [dsa-tracker-service] [restartedMain] o.s.w.s.handler.SimpleUrlHandlerMapping  : Patterns [/webjars/**, /**] in 'resourceHandlerMapping'
2024-08-11T12:39:42.794+05:30 DEBUG 34692 --- [dsa-tracker-service] [restartedMain] s.w.s.m.m.a.RequestMappingHandlerAdapter : ControllerAdvice beans: 0 @ModelAttribute, 0 @InitBinder, 1 RequestBodyAdvice, 1 ResponseBodyAdvice
2024-08-11T12:39:42.875+05:30 DEBUG 34692 --- [dsa-tracker-service] [restartedMain] .m.m.a.ExceptionHandlerExceptionResolver : ControllerAdvice beans: 0 @ExceptionHandler, 1 ResponseBodyAdvice
2024-08-11T12:39:43.092+05:30  INFO 34692 --- [dsa-tracker-service] [restartedMain] o.s.b.d.a.OptionalLiveReloadServer       : LiveReload server is running on port 35729
2024-08-11T12:39:43.154+05:30  INFO 34692 --- [dsa-tracker-service] [restartedMain] o.s.b.w.embedded.tomcat.TomcatWebServer  : Tomcat started on port 8080 (http) with context path '/'
2024-08-11T12:39:43.168+05:30  INFO 34692 --- [dsa-tracker-service] [restartedMain] c.a.dsa_tracker.DsaTrackerApplication    : Started DsaTrackerApplication in 6.063 seconds (process running for 6.54)
2024-08-11T12:40:10.542+05:30  INFO 34692 --- [dsa-tracker-service] [http-nio-8080-exec-1] o.a.c.c.C.[Tomcat].[localhost].[/]       : Initializing Spring DispatcherServlet 'dispatcherServlet'
2024-08-11T12:40:10.543+05:30  INFO 34692 --- [dsa-tracker-service] [http-nio-8080-exec-1] o.s.web.servlet.DispatcherServlet        : Initializing Servlet 'dispatcherServlet'
2024-08-11T12:40:10.544+05:30 DEBUG 34692 --- [dsa-tracker-service] [http-nio-8080-exec-1] o.s.web.servlet.DispatcherServlet        : Detected StandardServletMultipartResolver
2024-08-11T12:40:10.545+05:30 DEBUG 34692 --- [dsa-tracker-service] [http-nio-8080-exec-1] o.s.web.servlet.DispatcherServlet        : Detected AcceptHeaderLocaleResolver
2024-08-11T12:40:10.546+05:30 DEBUG 34692 --- [dsa-tracker-service] [http-nio-8080-exec-1] o.s.web.servlet.DispatcherServlet        : Detected FixedThemeResolver
2024-08-11T12:40:10.548+05:30 DEBUG 34692 --- [dsa-tracker-service] [http-nio-8080-exec-1] o.s.web.servlet.DispatcherServlet        : Detected org.springframework.web.servlet.view.DefaultRequestToViewNameTranslator@625890f2
2024-08-11T12:40:10.550+05:30 DEBUG 34692 --- [dsa-tracker-service] [http-nio-8080-exec-1] o.s.web.servlet.DispatcherServlet        : Detected org.springframework.web.servlet.support.SessionFlashMapManager@338133fa
2024-08-11T12:40:10.553+05:30 DEBUG 34692 --- [dsa-tracker-service] [http-nio-8080-exec-1] o.s.web.servlet.DispatcherServlet        : enableLoggingRequestDetails='false': request parameters and headers will be masked to prevent unsafe logging of potentially sensitive data
2024-08-11T12:40:10.554+05:30  INFO 34692 --- [dsa-tracker-service] [http-nio-8080-exec-1] o.s.web.servlet.DispatcherServlet        : Completed initialization in 10 ms
2024-08-11T12:40:10.578+05:30 DEBUG 34692 --- [dsa-tracker-service] [http-nio-8080-exec-1] o.s.web.servlet.DispatcherServlet        : GET "/api/v1/problem", parameters={}
2024-08-11T12:40:10.596+05:30 DEBUG 34692 --- [dsa-tracker-service] [http-nio-8080-exec-1] s.w.s.m.m.a.RequestMappingHandlerMapping : Mapped to com.amit.dsa_tracker.controllers.ProblemController#addProblem()
2024-08-11T12:40:10.686+05:30 DEBUG 34692 --- [dsa-tracker-service] [http-nio-8080-exec-1] o.s.w.s.m.m.a.HttpEntityMethodProcessor  : Using 'text/plain', given [*/*] and supported [text/plain, */*, application/json, application/*+json]
2024-08-11T12:40:10.689+05:30 DEBUG 34692 --- [dsa-tracker-service] [http-nio-8080-exec-1] o.s.w.s.m.m.a.HttpEntityMethodProcessor  : Writing ["Hello"]
2024-08-11T12:40:10.704+05:30 DEBUG 34692 --- [dsa-tracker-service] [http-nio-8080-exec-1] o.s.web.servlet.DispatcherServlet        : Completed 201 CREATED
2024-08-11T12:41:53.853+05:30  INFO 34692 --- [dsa-tracker-service] [SpringApplicationShutdownHook] j.LocalContainerEntityManagerFactoryBean : Closing JPA EntityManagerFactory for persistence unit 'default'
2024-08-11T12:41:53.858+05:30  INFO 34692 --- [dsa-tracker-service] [SpringApplicationShutdownHook] com.zaxxer.hikari.HikariDataSource       : HikariPool-1 - Shutdown initiated...
2024-08-11T12:41:53.931+05:30  INFO 34692 --- [dsa-tracker-service] [SpringApplicationShutdownHook] com.zaxxer.hikari.HikariDataSource       : HikariPool-1 - Shutdown completed.
2024-08-11T12:42:13.569+05:30  INFO 32016 --- [dsa-tracker-service] [restartedMain] c.a.dsa_tracker.DsaTrackerApplication    : Starting DsaTrackerApplication using Java 17.0.7 with PID 32016 (D:\Projects\PersonalProjects\DSA_Tracker\dsa-tracker\target\classes started by amitd in D:\Projects\PersonalProjects\DSA_Tracker)
2024-08-11T12:42:13.573+05:30  INFO 32016 --- [dsa-tracker-service] [restartedMain] c.a.dsa_tracker.DsaTrackerApplication    : No active profile set, falling back to 1 default profile: "default"
2024-08-11T12:42:13.663+05:30  INFO 32016 --- [dsa-tracker-service] [restartedMain] .e.DevToolsPropertyDefaultsPostProcessor : Devtools property defaults active! Set 'spring.devtools.add-properties' to 'false' to disable
2024-08-11T12:42:13.664+05:30  INFO 32016 --- [dsa-tracker-service] [restartedMain] .e.DevToolsPropertyDefaultsPostProcessor : For additional web related logging consider setting the 'logging.level.web' property to 'DEBUG'
2024-08-11T12:42:14.740+05:30  INFO 32016 --- [dsa-tracker-service] [restartedMain] .s.d.r.c.RepositoryConfigurationDelegate : Bootstrapping Spring Data JPA repositories in DEFAULT mode.
2024-08-11T12:42:14.780+05:30  INFO 32016 --- [dsa-tracker-service] [restartedMain] .s.d.r.c.RepositoryConfigurationDelegate : Finished Spring Data repository scanning in 15 ms. Found 0 JPA repository interfaces.
2024-08-11T12:42:15.677+05:30  INFO 32016 --- [dsa-tracker-service] [restartedMain] o.s.b.w.embedded.tomcat.TomcatWebServer  : Tomcat initialized with port 8080 (http)
2024-08-11T12:42:15.689+05:30  INFO 32016 --- [dsa-tracker-service] [restartedMain] o.apache.catalina.core.StandardService   : Starting service [Tomcat]
2024-08-11T12:42:15.690+05:30  INFO 32016 --- [dsa-tracker-service] [restartedMain] o.apache.catalina.core.StandardEngine    : Starting Servlet engine: [Apache Tomcat/10.1.26]
2024-08-11T12:42:15.762+05:30  INFO 32016 --- [dsa-tracker-service] [restartedMain] o.a.c.c.C.[Tomcat].[localhost].[/]       : Initializing Spring embedded WebApplicationContext
2024-08-11T12:42:15.763+05:30  INFO 32016 --- [dsa-tracker-service] [restartedMain] w.s.c.ServletWebServerApplicationContext : Root WebApplicationContext: initialization completed in 2098 ms
2024-08-11T12:42:16.041+05:30  INFO 32016 --- [dsa-tracker-service] [restartedMain] o.hibernate.jpa.internal.util.LogHelper  : HHH000204: Processing PersistenceUnitInfo [name: default]
2024-08-11T12:42:16.141+05:30  INFO 32016 --- [dsa-tracker-service] [restartedMain] org.hibernate.Version                    : HHH000412: Hibernate ORM core version 6.5.2.Final
2024-08-11T12:42:16.180+05:30  INFO 32016 --- [dsa-tracker-service] [restartedMain] o.h.c.internal.RegionFactoryInitiator    : HHH000026: Second-level cache disabled
2024-08-11T12:42:16.491+05:30  INFO 32016 --- [dsa-tracker-service] [restartedMain] o.s.o.j.p.SpringPersistenceUnitInfo      : No LoadTimeWeaver setup: ignoring JPA class transformer
2024-08-11T12:42:16.574+05:30  INFO 32016 --- [dsa-tracker-service] [restartedMain] com.zaxxer.hikari.HikariDataSource       : HikariPool-1 - Starting...
2024-08-11T12:42:16.929+05:30  INFO 32016 --- [dsa-tracker-service] [restartedMain] com.zaxxer.hikari.pool.HikariPool        : HikariPool-1 - Added connection com.mysql.cj.jdbc.ConnectionImpl@107a92a7
2024-08-11T12:42:16.931+05:30  INFO 32016 --- [dsa-tracker-service] [restartedMain] com.zaxxer.hikari.HikariDataSource       : HikariPool-1 - Start completed.
2024-08-11T12:42:17.342+05:30  INFO 32016 --- [dsa-tracker-service] [restartedMain] o.h.e.t.j.p.i.JtaPlatformInitiator       : HHH000489: No JTA platform available (set 'hibernate.transaction.jta.platform' to enable JTA platform integration)
2024-08-11T12:42:17.346+05:30  INFO 32016 --- [dsa-tracker-service] [restartedMain] j.LocalContainerEntityManagerFactoryBean : Initialized JPA EntityManagerFactory for persistence unit 'default'
2024-08-11T12:42:17.479+05:30  WARN 32016 --- [dsa-tracker-service] [restartedMain] JpaBaseConfiguration$JpaWebConfiguration : spring.jpa.open-in-view is enabled by default. Therefore, database queries may be performed during view rendering. Explicitly configure spring.jpa.open-in-view to disable this warning
2024-08-11T12:42:17.714+05:30 DEBUG 32016 --- [dsa-tracker-service] [restartedMain] s.w.s.m.m.a.RequestMappingHandlerMapping : 3 mappings in 'requestMappingHandlerMapping'
2024-08-11T12:42:17.927+05:30 DEBUG 32016 --- [dsa-tracker-service] [restartedMain] o.s.w.s.handler.SimpleUrlHandlerMapping  : Patterns [/webjars/**, /**] in 'resourceHandlerMapping'
2024-08-11T12:42:18.005+05:30 DEBUG 32016 --- [dsa-tracker-service] [restartedMain] s.w.s.m.m.a.RequestMappingHandlerAdapter : ControllerAdvice beans: 0 @ModelAttribute, 0 @InitBinder, 1 RequestBodyAdvice, 1 ResponseBodyAdvice
2024-08-11T12:42:18.065+05:30 DEBUG 32016 --- [dsa-tracker-service] [restartedMain] .m.m.a.ExceptionHandlerExceptionResolver : ControllerAdvice beans: 0 @ExceptionHandler, 1 ResponseBodyAdvice
2024-08-11T12:42:18.309+05:30  INFO 32016 --- [dsa-tracker-service] [restartedMain] o.s.b.d.a.OptionalLiveReloadServer       : LiveReload server is running on port 35729
2024-08-11T12:42:18.379+05:30  INFO 32016 --- [dsa-tracker-service] [restartedMain] o.s.b.w.embedded.tomcat.TomcatWebServer  : Tomcat started on port 8080 (http) with context path '/'
2024-08-11T12:42:18.396+05:30  INFO 32016 --- [dsa-tracker-service] [restartedMain] c.a.dsa_tracker.DsaTrackerApplication    : Started DsaTrackerApplication in 5.399 seconds (process running for 5.873)
2024-08-11T12:42:44.041+05:30  INFO 32016 --- [dsa-tracker-service] [SpringApplicationShutdownHook] j.LocalContainerEntityManagerFactoryBean : Closing JPA EntityManagerFactory for persistence unit 'default'
2024-08-11T12:42:44.045+05:30  INFO 32016 --- [dsa-tracker-service] [SpringApplicationShutdownHook] com.zaxxer.hikari.HikariDataSource       : HikariPool-1 - Shutdown initiated...
2024-08-11T12:42:44.058+05:30  INFO 32016 --- [dsa-tracker-service] [SpringApplicationShutdownHook] com.zaxxer.hikari.HikariDataSource       : HikariPool-1 - Shutdown completed.
