2024-08-11T12:43:05.792+05:30  INFO 26792 --- [dsa-tracker-service] [restartedMain] c.a.dsa_tracker.DsaTrackerApplication    : Starting DsaTrackerApplication using Java 17.0.7 with PID 26792 (D:\Projects\PersonalProjects\DSA_Tracker\dsa-tracker\target\classes started by amitd in D:\Projects\PersonalProjects\DSA_Tracker\dsa-tracker)
2024-08-11T12:43:05.797+05:30  INFO 26792 --- [dsa-tracker-service] [restartedMain] c.a.dsa_tracker.DsaTrackerApplication    : No active profile set, falling back to 1 default profile: "default"
2024-08-11T12:43:05.897+05:30  INFO 26792 --- [dsa-tracker-service] [restartedMain] .e.DevToolsPropertyDefaultsPostProcessor : Devtools property defaults active! Set 'spring.devtools.add-properties' to 'false' to disable
2024-08-11T12:43:05.905+05:30  INFO 26792 --- [dsa-tracker-service] [restartedMain] .e.DevToolsPropertyDefaultsPostProcessor : For additional web related logging consider setting the 'logging.level.web' property to 'DEBUG'
2024-08-11T12:43:06.928+05:30  INFO 26792 --- [dsa-tracker-service] [restartedMain] .s.d.r.c.RepositoryConfigurationDelegate : Bootstrapping Spring Data JPA repositories in DEFAULT mode.
2024-08-11T12:43:06.958+05:30  INFO 26792 --- [dsa-tracker-service] [restartedMain] .s.d.r.c.RepositoryConfigurationDelegate : Finished Spring Data repository scanning in 19 ms. Found 0 JPA repository interfaces.
2024-08-11T12:43:07.916+05:30  INFO 26792 --- [dsa-tracker-service] [restartedMain] o.s.b.w.embedded.tomcat.TomcatWebServer  : Tomcat initialized with port 8080 (http)
2024-08-11T12:43:07.933+05:30  INFO 26792 --- [dsa-tracker-service] [restartedMain] o.apache.catalina.core.StandardService   : Starting service [Tomcat]
2024-08-11T12:43:07.934+05:30  INFO 26792 --- [dsa-tracker-service] [restartedMain] o.apache.catalina.core.StandardEngine    : Starting Servlet engine: [Apache Tomcat/10.1.26]
2024-08-11T12:43:08.015+05:30  INFO 26792 --- [dsa-tracker-service] [restartedMain] o.a.c.c.C.[Tomcat].[localhost].[/]       : Initializing Spring embedded WebApplicationContext
2024-08-11T12:43:08.017+05:30  INFO 26792 --- [dsa-tracker-service] [restartedMain] w.s.c.ServletWebServerApplicationContext : Root WebApplicationContext: initialization completed in 2109 ms
2024-08-11T12:43:08.328+05:30  INFO 26792 --- [dsa-tracker-service] [restartedMain] o.hibernate.jpa.internal.util.LogHelper  : HHH000204: Processing PersistenceUnitInfo [name: default]
2024-08-11T12:43:08.446+05:30  INFO 26792 --- [dsa-tracker-service] [restartedMain] org.hibernate.Version                    : HHH000412: Hibernate ORM core version 6.5.2.Final
2024-08-11T12:43:08.500+05:30  INFO 26792 --- [dsa-tracker-service] [restartedMain] o.h.c.internal.RegionFactoryInitiator    : HHH000026: Second-level cache disabled
2024-08-11T12:43:08.927+05:30  INFO 26792 --- [dsa-tracker-service] [restartedMain] o.s.o.j.p.SpringPersistenceUnitInfo      : No LoadTimeWeaver setup: ignoring JPA class transformer
2024-08-11T12:43:08.961+05:30  INFO 26792 --- [dsa-tracker-service] [restartedMain] com.zaxxer.hikari.HikariDataSource       : HikariPool-1 - Starting...
2024-08-11T12:43:09.297+05:30  INFO 26792 --- [dsa-tracker-service] [restartedMain] com.zaxxer.hikari.pool.HikariPool        : HikariPool-1 - Added connection com.mysql.cj.jdbc.ConnectionImpl@370d7729
2024-08-11T12:43:09.300+05:30  INFO 26792 --- [dsa-tracker-service] [restartedMain] com.zaxxer.hikari.HikariDataSource       : HikariPool-1 - Start completed.
2024-08-11T12:43:10.119+05:30  INFO 26792 --- [dsa-tracker-service] [restartedMain] o.h.e.t.j.p.i.JtaPlatformInitiator       : HHH000489: No JTA platform available (set 'hibernate.transaction.jta.platform' to enable JTA platform integration)
2024-08-11T12:43:10.126+05:30  INFO 26792 --- [dsa-tracker-service] [restartedMain] j.LocalContainerEntityManagerFactoryBean : Initialized JPA EntityManagerFactory for persistence unit 'default'
2024-08-11T12:43:10.218+05:30  WARN 26792 --- [dsa-tracker-service] [restartedMain] JpaBaseConfiguration$JpaWebConfiguration : spring.jpa.open-in-view is enabled by default. Therefore, database queries may be performed during view rendering. Explicitly configure spring.jpa.open-in-view to disable this warning
2024-08-11T12:43:10.408+05:30 DEBUG 26792 --- [dsa-tracker-service] [restartedMain] s.w.s.m.m.a.RequestMappingHandlerMapping : 3 mappings in 'requestMappingHandlerMapping'
2024-08-11T12:43:10.591+05:30 DEBUG 26792 --- [dsa-tracker-service] [restartedMain] o.s.w.s.handler.SimpleUrlHandlerMapping  : Patterns [/webjars/**, /**] in 'resourceHandlerMapping'
2024-08-11T12:43:10.661+05:30 DEBUG 26792 --- [dsa-tracker-service] [restartedMain] s.w.s.m.m.a.RequestMappingHandlerAdapter : ControllerAdvice beans: 0 @ModelAttribute, 0 @InitBinder, 1 RequestBodyAdvice, 1 ResponseBodyAdvice
2024-08-11T12:43:10.746+05:30 DEBUG 26792 --- [dsa-tracker-service] [restartedMain] .m.m.a.ExceptionHandlerExceptionResolver : ControllerAdvice beans: 0 @ExceptionHandler, 1 ResponseBodyAdvice
2024-08-11T12:43:11.062+05:30  INFO 26792 --- [dsa-tracker-service] [restartedMain] o.s.b.d.a.OptionalLiveReloadServer       : LiveReload server is running on port 35729
2024-08-11T12:43:11.149+05:30  INFO 26792 --- [dsa-tracker-service] [restartedMain] o.s.b.w.embedded.tomcat.TomcatWebServer  : Tomcat started on port 8080 (http) with context path '/'
2024-08-11T12:43:11.169+05:30  INFO 26792 --- [dsa-tracker-service] [restartedMain] c.a.dsa_tracker.DsaTrackerApplication    : Started DsaTrackerApplication in 5.905 seconds (process running for 6.636)
2024-08-11T12:44:26.407+05:30  INFO 17580 --- [dsa-tracker-service] [restartedMain] c.a.dsa_tracker.DsaTrackerApplication    : Starting DsaTrackerApplication using Java 17.0.7 with PID 17580 (D:\Projects\PersonalProjects\DSA_Tracker\dsa-tracker\target\classes started by amitd in D:\Projects\PersonalProjects\DSA_Tracker\dsa-tracker)
2024-08-11T12:44:26.411+05:30  INFO 17580 --- [dsa-tracker-service] [restartedMain] c.a.dsa_tracker.DsaTrackerApplication    : No active profile set, falling back to 1 default profile: "default"
2024-08-11T12:44:26.486+05:30  INFO 17580 --- [dsa-tracker-service] [restartedMain] .e.DevToolsPropertyDefaultsPostProcessor : Devtools property defaults active! Set 'spring.devtools.add-properties' to 'false' to disable
2024-08-11T12:44:26.487+05:30  INFO 17580 --- [dsa-tracker-service] [restartedMain] .e.DevToolsPropertyDefaultsPostProcessor : For additional web related logging consider setting the 'logging.level.web' property to 'DEBUG'
2024-08-11T12:44:27.937+05:30  INFO 17580 --- [dsa-tracker-service] [restartedMain] .s.d.r.c.RepositoryConfigurationDelegate : Bootstrapping Spring Data JPA repositories in DEFAULT mode.
2024-08-11T12:44:27.970+05:30  INFO 17580 --- [dsa-tracker-service] [restartedMain] .s.d.r.c.RepositoryConfigurationDelegate : Finished Spring Data repository scanning in 23 ms. Found 0 JPA repository interfaces.
2024-08-11T12:44:29.149+05:30  INFO 17580 --- [dsa-tracker-service] [restartedMain] o.s.b.w.embedded.tomcat.TomcatWebServer  : Tomcat initialized with port 8080 (http)
2024-08-11T12:44:29.181+05:30  INFO 17580 --- [dsa-tracker-service] [restartedMain] o.apache.catalina.core.StandardService   : Starting service [Tomcat]
2024-08-11T12:44:29.185+05:30  INFO 17580 --- [dsa-tracker-service] [restartedMain] o.apache.catalina.core.StandardEngine    : Starting Servlet engine: [Apache Tomcat/10.1.26]
2024-08-11T12:44:29.301+05:30  INFO 17580 --- [dsa-tracker-service] [restartedMain] o.a.c.c.C.[Tomcat].[localhost].[/]       : Initializing Spring embedded WebApplicationContext
2024-08-11T12:44:29.303+05:30  INFO 17580 --- [dsa-tracker-service] [restartedMain] w.s.c.ServletWebServerApplicationContext : Root WebApplicationContext: initialization completed in 2814 ms
2024-08-11T12:44:29.653+05:30 DEBUG 17580 --- [dsa-tracker-service] [restartedMain] o.s.w.f.ServerHttpObservationFilter      : Filter 'webMvcObservationFilter' configured for use
2024-08-11T12:44:29.923+05:30  INFO 17580 --- [dsa-tracker-service] [restartedMain] o.hibernate.jpa.internal.util.LogHelper  : HHH000204: Processing PersistenceUnitInfo [name: default]
2024-08-11T12:44:30.058+05:30  INFO 17580 --- [dsa-tracker-service] [restartedMain] org.hibernate.Version                    : HHH000412: Hibernate ORM core version 6.5.2.Final
2024-08-11T12:44:30.138+05:30  INFO 17580 --- [dsa-tracker-service] [restartedMain] o.h.c.internal.RegionFactoryInitiator    : HHH000026: Second-level cache disabled
2024-08-11T12:44:30.598+05:30  INFO 17580 --- [dsa-tracker-service] [restartedMain] o.s.o.j.p.SpringPersistenceUnitInfo      : No LoadTimeWeaver setup: ignoring JPA class transformer
2024-08-11T12:44:30.642+05:30  INFO 17580 --- [dsa-tracker-service] [restartedMain] com.zaxxer.hikari.HikariDataSource       : HikariPool-1 - Starting...
2024-08-11T12:44:31.109+05:30  INFO 17580 --- [dsa-tracker-service] [restartedMain] com.zaxxer.hikari.pool.HikariPool        : HikariPool-1 - Added connection com.mysql.cj.jdbc.ConnectionImpl@76aca57c
2024-08-11T12:44:31.112+05:30  INFO 17580 --- [dsa-tracker-service] [restartedMain] com.zaxxer.hikari.HikariDataSource       : HikariPool-1 - Start completed.
2024-08-11T12:44:31.682+05:30  INFO 17580 --- [dsa-tracker-service] [restartedMain] o.h.e.t.j.p.i.JtaPlatformInitiator       : HHH000489: No JTA platform available (set 'hibernate.transaction.jta.platform' to enable JTA platform integration)
2024-08-11T12:44:31.694+05:30  INFO 17580 --- [dsa-tracker-service] [restartedMain] j.LocalContainerEntityManagerFactoryBean : Initialized JPA EntityManagerFactory for persistence unit 'default'
2024-08-11T12:44:31.858+05:30  WARN 17580 --- [dsa-tracker-service] [restartedMain] JpaBaseConfiguration$JpaWebConfiguration : spring.jpa.open-in-view is enabled by default. Therefore, database queries may be performed during view rendering. Explicitly configure spring.jpa.open-in-view to disable this warning
2024-08-11T12:44:32.131+05:30 DEBUG 17580 --- [dsa-tracker-service] [restartedMain] s.w.s.m.m.a.RequestMappingHandlerMapping : 3 mappings in 'requestMappingHandlerMapping'
2024-08-11T12:44:32.376+05:30 DEBUG 17580 --- [dsa-tracker-service] [restartedMain] o.s.w.s.handler.SimpleUrlHandlerMapping  : Patterns [/webjars/**, /**] in 'resourceHandlerMapping'
2024-08-11T12:44:32.472+05:30 DEBUG 17580 --- [dsa-tracker-service] [restartedMain] s.w.s.m.m.a.RequestMappingHandlerAdapter : ControllerAdvice beans: 0 @ModelAttribute, 0 @InitBinder, 1 RequestBodyAdvice, 1 ResponseBodyAdvice
2024-08-11T12:44:32.571+05:30 DEBUG 17580 --- [dsa-tracker-service] [restartedMain] .m.m.a.ExceptionHandlerExceptionResolver : ControllerAdvice beans: 0 @ExceptionHandler, 1 ResponseBodyAdvice
2024-08-11T12:44:33.570+05:30  INFO 17580 --- [dsa-tracker-service] [restartedMain] o.s.b.d.a.OptionalLiveReloadServer       : LiveReload server is running on port 35729
2024-08-11T12:44:33.590+05:30  INFO 17580 --- [dsa-tracker-service] [restartedMain] o.s.b.a.e.web.EndpointLinksResolver      : Exposing 1 endpoint beneath base path '/actuator'
2024-08-11T12:44:33.760+05:30  INFO 17580 --- [dsa-tracker-service] [restartedMain] o.s.b.w.embedded.tomcat.TomcatWebServer  : Tomcat started on port 8080 (http) with context path '/'
2024-08-11T12:44:33.779+05:30  INFO 17580 --- [dsa-tracker-service] [restartedMain] c.a.dsa_tracker.DsaTrackerApplication    : Started DsaTrackerApplication in 7.982 seconds (process running for 8.703)
2024-08-11T12:44:35.031+05:30  INFO 17580 --- [dsa-tracker-service] [RMI TCP Connection(2)-127.0.0.1] o.a.c.c.C.[Tomcat].[localhost].[/]       : Initializing Spring DispatcherServlet 'dispatcherServlet'
2024-08-11T12:44:35.033+05:30  INFO 17580 --- [dsa-tracker-service] [RMI TCP Connection(2)-127.0.0.1] o.s.web.servlet.DispatcherServlet        : Initializing Servlet 'dispatcherServlet'
2024-08-11T12:44:35.035+05:30 DEBUG 17580 --- [dsa-tracker-service] [RMI TCP Connection(2)-127.0.0.1] o.s.web.servlet.DispatcherServlet        : Detected StandardServletMultipartResolver
2024-08-11T12:44:35.036+05:30 DEBUG 17580 --- [dsa-tracker-service] [RMI TCP Connection(2)-127.0.0.1] o.s.web.servlet.DispatcherServlet        : Detected AcceptHeaderLocaleResolver
2024-08-11T12:44:35.036+05:30 DEBUG 17580 --- [dsa-tracker-service] [RMI TCP Connection(2)-127.0.0.1] o.s.web.servlet.DispatcherServlet        : Detected FixedThemeResolver
2024-08-11T12:44:35.039+05:30 DEBUG 17580 --- [dsa-tracker-service] [RMI TCP Connection(2)-127.0.0.1] o.s.web.servlet.DispatcherServlet        : Detected org.springframework.web.servlet.view.DefaultRequestToViewNameTranslator@3f2ceb1e
2024-08-11T12:44:35.041+05:30 DEBUG 17580 --- [dsa-tracker-service] [RMI TCP Connection(2)-127.0.0.1] o.s.web.servlet.DispatcherServlet        : Detected org.springframework.web.servlet.support.SessionFlashMapManager@1e3b3a05
2024-08-11T12:44:35.043+05:30 DEBUG 17580 --- [dsa-tracker-service] [RMI TCP Connection(2)-127.0.0.1] o.s.web.servlet.DispatcherServlet        : enableLoggingRequestDetails='false': request parameters and headers will be masked to prevent unsafe logging of potentially sensitive data
2024-08-11T12:44:35.045+05:30  INFO 17580 --- [dsa-tracker-service] [RMI TCP Connection(2)-127.0.0.1] o.s.web.servlet.DispatcherServlet        : Completed initialization in 10 ms
2024-08-11T12:46:46.774+05:30  INFO 17580 --- [dsa-tracker-service] [File Watcher] rtingClassPathChangeChangedEventListener : Restarting due to 1 class path change (0 additions, 0 deletions, 1 modification)
2024-08-11T12:46:46.974+05:30  INFO 17580 --- [dsa-tracker-service] [Thread-5] j.LocalContainerEntityManagerFactoryBean : Closing JPA EntityManagerFactory for persistence unit 'default'
2024-08-11T12:46:46.978+05:30  INFO 17580 --- [dsa-tracker-service] [Thread-5] com.zaxxer.hikari.HikariDataSource       : HikariPool-1 - Shutdown initiated...
2024-08-11T12:46:46.990+05:30  INFO 17580 --- [dsa-tracker-service] [Thread-5] com.zaxxer.hikari.HikariDataSource       : HikariPool-1 - Shutdown completed.
2024-08-11T12:46:47.073+05:30  INFO 17580 --- [dsa-tracker-service] [restartedMain] c.a.dsa_tracker.DsaTrackerApplication    : Starting DsaTrackerApplication using Java 17.0.7 with PID 17580 (D:\Projects\PersonalProjects\DSA_Tracker\dsa-tracker\target\classes started by amitd in D:\Projects\PersonalProjects\DSA_Tracker\dsa-tracker)
2024-08-11T12:46:47.074+05:30  INFO 17580 --- [dsa-tracker-service] [restartedMain] c.a.dsa_tracker.DsaTrackerApplication    : No active profile set, falling back to 1 default profile: "default"
2024-08-11T12:46:47.392+05:30  INFO 17580 --- [dsa-tracker-service] [restartedMain] .s.d.r.c.RepositoryConfigurationDelegate : Bootstrapping Spring Data JPA repositories in DEFAULT mode.
2024-08-11T12:46:47.395+05:30  INFO 17580 --- [dsa-tracker-service] [restartedMain] .s.d.r.c.RepositoryConfigurationDelegate : Finished Spring Data repository scanning in 1 ms. Found 0 JPA repository interfaces.
2024-08-11T12:46:47.534+05:30  INFO 17580 --- [dsa-tracker-service] [restartedMain] o.s.b.w.embedded.tomcat.TomcatWebServer  : Tomcat initialized with port 8080 (http)
2024-08-11T12:46:47.536+05:30  INFO 17580 --- [dsa-tracker-service] [restartedMain] o.apache.catalina.core.StandardService   : Starting service [Tomcat]
2024-08-11T12:46:47.537+05:30  INFO 17580 --- [dsa-tracker-service] [restartedMain] o.apache.catalina.core.StandardEngine    : Starting Servlet engine: [Apache Tomcat/10.1.26]
2024-08-11T12:46:47.572+05:30  INFO 17580 --- [dsa-tracker-service] [restartedMain] o.a.c.c.C.[Tomcat].[localhost].[/]       : Initializing Spring embedded WebApplicationContext
2024-08-11T12:46:47.573+05:30  INFO 17580 --- [dsa-tracker-service] [restartedMain] w.s.c.ServletWebServerApplicationContext : Root WebApplicationContext: initialization completed in 493 ms
2024-08-11T12:46:47.641+05:30 DEBUG 17580 --- [dsa-tracker-service] [restartedMain] o.s.w.f.ServerHttpObservationFilter      : Filter 'webMvcObservationFilter' configured for use
2024-08-11T12:46:47.689+05:30  INFO 17580 --- [dsa-tracker-service] [restartedMain] o.hibernate.jpa.internal.util.LogHelper  : HHH000204: Processing PersistenceUnitInfo [name: default]
2024-08-11T12:46:47.693+05:30  INFO 17580 --- [dsa-tracker-service] [restartedMain] o.h.c.internal.RegionFactoryInitiator    : HHH000026: Second-level cache disabled
2024-08-11T12:46:47.706+05:30  INFO 17580 --- [dsa-tracker-service] [restartedMain] o.s.o.j.p.SpringPersistenceUnitInfo      : No LoadTimeWeaver setup: ignoring JPA class transformer
2024-08-11T12:46:47.708+05:30  INFO 17580 --- [dsa-tracker-service] [restartedMain] com.zaxxer.hikari.HikariDataSource       : HikariPool-2 - Starting...
2024-08-11T12:46:47.728+05:30  INFO 17580 --- [dsa-tracker-service] [restartedMain] com.zaxxer.hikari.pool.HikariPool        : HikariPool-2 - Added connection com.mysql.cj.jdbc.ConnectionImpl@7b8dd69
2024-08-11T12:46:47.729+05:30  INFO 17580 --- [dsa-tracker-service] [restartedMain] com.zaxxer.hikari.HikariDataSource       : HikariPool-2 - Start completed.
2024-08-11T12:46:47.759+05:30  INFO 17580 --- [dsa-tracker-service] [restartedMain] o.h.e.t.j.p.i.JtaPlatformInitiator       : HHH000489: No JTA platform available (set 'hibernate.transaction.jta.platform' to enable JTA platform integration)
2024-08-11T12:46:47.761+05:30  INFO 17580 --- [dsa-tracker-service] [restartedMain] j.LocalContainerEntityManagerFactoryBean : Initialized JPA EntityManagerFactory for persistence unit 'default'
2024-08-11T12:46:47.823+05:30  WARN 17580 --- [dsa-tracker-service] [restartedMain] JpaBaseConfiguration$JpaWebConfiguration : spring.jpa.open-in-view is enabled by default. Therefore, database queries may be performed during view rendering. Explicitly configure spring.jpa.open-in-view to disable this warning
2024-08-11T12:46:47.877+05:30 DEBUG 17580 --- [dsa-tracker-service] [restartedMain] s.w.s.m.m.a.RequestMappingHandlerMapping : 3 mappings in 'requestMappingHandlerMapping'
2024-08-11T12:46:47.988+05:30 DEBUG 17580 --- [dsa-tracker-service] [restartedMain] o.s.w.s.handler.SimpleUrlHandlerMapping  : Patterns [/webjars/**, /**] in 'resourceHandlerMapping'
2024-08-11T12:46:48.021+05:30 DEBUG 17580 --- [dsa-tracker-service] [restartedMain] s.w.s.m.m.a.RequestMappingHandlerAdapter : ControllerAdvice beans: 0 @ModelAttribute, 0 @InitBinder, 1 RequestBodyAdvice, 1 ResponseBodyAdvice
2024-08-11T12:46:48.030+05:30 DEBUG 17580 --- [dsa-tracker-service] [restartedMain] .m.m.a.ExceptionHandlerExceptionResolver : ControllerAdvice beans: 0 @ExceptionHandler, 1 ResponseBodyAdvice
2024-08-11T12:46:48.326+05:30  INFO 17580 --- [dsa-tracker-service] [restartedMain] o.s.b.d.a.OptionalLiveReloadServer       : LiveReload server is running on port 35729
2024-08-11T12:46:48.331+05:30  INFO 17580 --- [dsa-tracker-service] [restartedMain] o.s.b.a.e.web.EndpointLinksResolver      : Exposing 1 endpoint beneath base path '/actuator'
2024-08-11T12:46:48.356+05:30  INFO 17580 --- [dsa-tracker-service] [restartedMain] o.s.b.w.embedded.tomcat.TomcatWebServer  : Tomcat started on port 8080 (http) with context path '/'
2024-08-11T12:46:48.367+05:30  INFO 17580 --- [dsa-tracker-service] [restartedMain] c.a.dsa_tracker.DsaTrackerApplication    : Started DsaTrackerApplication in 1.322 seconds (process running for 143.291)
2024-08-11T12:46:48.371+05:30  INFO 17580 --- [dsa-tracker-service] [restartedMain] .ConditionEvaluationDeltaLoggingListener : Condition evaluation unchanged
2024-08-11T12:47:26.290+05:30  INFO 17580 --- [dsa-tracker-service] [File Watcher] rtingClassPathChangeChangedEventListener : Restarting due to 1 class path change (0 additions, 0 deletions, 1 modification)
2024-08-11T12:47:26.498+05:30  INFO 17580 --- [dsa-tracker-service] [Thread-7] j.LocalContainerEntityManagerFactoryBean : Closing JPA EntityManagerFactory for persistence unit 'default'
2024-08-11T12:47:26.500+05:30  INFO 17580 --- [dsa-tracker-service] [Thread-7] com.zaxxer.hikari.HikariDataSource       : HikariPool-2 - Shutdown initiated...
2024-08-11T12:47:26.506+05:30  INFO 17580 --- [dsa-tracker-service] [Thread-7] com.zaxxer.hikari.HikariDataSource       : HikariPool-2 - Shutdown completed.
2024-08-11T12:47:26.590+05:30  INFO 17580 --- [dsa-tracker-service] [restartedMain] c.a.dsa_tracker.DsaTrackerApplication    : Starting DsaTrackerApplication using Java 17.0.7 with PID 17580 (D:\Projects\PersonalProjects\DSA_Tracker\dsa-tracker\target\classes started by amitd in D:\Projects\PersonalProjects\DSA_Tracker\dsa-tracker)
2024-08-11T12:47:26.591+05:30  INFO 17580 --- [dsa-tracker-service] [restartedMain] c.a.dsa_tracker.DsaTrackerApplication    : No active profile set, falling back to 1 default profile: "default"
2024-08-11T12:47:26.917+05:30  INFO 17580 --- [dsa-tracker-service] [restartedMain] .s.d.r.c.RepositoryConfigurationDelegate : Bootstrapping Spring Data JPA repositories in DEFAULT mode.
2024-08-11T12:47:26.919+05:30  INFO 17580 --- [dsa-tracker-service] [restartedMain] .s.d.r.c.RepositoryConfigurationDelegate : Finished Spring Data repository scanning in 1 ms. Found 0 JPA repository interfaces.
2024-08-11T12:47:27.048+05:30  INFO 17580 --- [dsa-tracker-service] [restartedMain] o.s.b.w.embedded.tomcat.TomcatWebServer  : Tomcat initialized with port 8080 (http)
2024-08-11T12:47:27.050+05:30  INFO 17580 --- [dsa-tracker-service] [restartedMain] o.apache.catalina.core.StandardService   : Starting service [Tomcat]
2024-08-11T12:47:27.051+05:30  INFO 17580 --- [dsa-tracker-service] [restartedMain] o.apache.catalina.core.StandardEngine    : Starting Servlet engine: [Apache Tomcat/10.1.26]
2024-08-11T12:47:27.082+05:30  INFO 17580 --- [dsa-tracker-service] [restartedMain] o.a.c.c.C.[Tomcat].[localhost].[/]       : Initializing Spring embedded WebApplicationContext
2024-08-11T12:47:27.083+05:30  INFO 17580 --- [dsa-tracker-service] [restartedMain] w.s.c.ServletWebServerApplicationContext : Root WebApplicationContext: initialization completed in 484 ms
2024-08-11T12:47:27.147+05:30 DEBUG 17580 --- [dsa-tracker-service] [restartedMain] o.s.w.f.ServerHttpObservationFilter      : Filter 'webMvcObservationFilter' configured for use
2024-08-11T12:47:27.204+05:30  INFO 17580 --- [dsa-tracker-service] [restartedMain] o.hibernate.jpa.internal.util.LogHelper  : HHH000204: Processing PersistenceUnitInfo [name: default]
2024-08-11T12:47:27.208+05:30  INFO 17580 --- [dsa-tracker-service] [restartedMain] o.h.c.internal.RegionFactoryInitiator    : HHH000026: Second-level cache disabled
2024-08-11T12:47:27.219+05:30  INFO 17580 --- [dsa-tracker-service] [restartedMain] o.s.o.j.p.SpringPersistenceUnitInfo      : No LoadTimeWeaver setup: ignoring JPA class transformer
2024-08-11T12:47:27.221+05:30  INFO 17580 --- [dsa-tracker-service] [restartedMain] com.zaxxer.hikari.HikariDataSource       : HikariPool-3 - Starting...
2024-08-11T12:47:27.241+05:30  INFO 17580 --- [dsa-tracker-service] [restartedMain] com.zaxxer.hikari.pool.HikariPool        : HikariPool-3 - Added connection com.mysql.cj.jdbc.ConnectionImpl@4c265b15
2024-08-11T12:47:27.242+05:30  INFO 17580 --- [dsa-tracker-service] [restartedMain] com.zaxxer.hikari.HikariDataSource       : HikariPool-3 - Start completed.
2024-08-11T12:47:27.269+05:30  INFO 17580 --- [dsa-tracker-service] [restartedMain] o.h.e.t.j.p.i.JtaPlatformInitiator       : HHH000489: No JTA platform available (set 'hibernate.transaction.jta.platform' to enable JTA platform integration)
2024-08-11T12:47:27.270+05:30  INFO 17580 --- [dsa-tracker-service] [restartedMain] j.LocalContainerEntityManagerFactoryBean : Initialized JPA EntityManagerFactory for persistence unit 'default'
2024-08-11T12:47:27.314+05:30  WARN 17580 --- [dsa-tracker-service] [restartedMain] JpaBaseConfiguration$JpaWebConfiguration : spring.jpa.open-in-view is enabled by default. Therefore, database queries may be performed during view rendering. Explicitly configure spring.jpa.open-in-view to disable this warning
2024-08-11T12:47:27.382+05:30 DEBUG 17580 --- [dsa-tracker-service] [restartedMain] s.w.s.m.m.a.RequestMappingHandlerMapping : 3 mappings in 'requestMappingHandlerMapping'
2024-08-11T12:47:27.467+05:30 DEBUG 17580 --- [dsa-tracker-service] [restartedMain] o.s.w.s.handler.SimpleUrlHandlerMapping  : Patterns [/webjars/**, /**] in 'resourceHandlerMapping'
2024-08-11T12:47:27.485+05:30 DEBUG 17580 --- [dsa-tracker-service] [restartedMain] s.w.s.m.m.a.RequestMappingHandlerAdapter : ControllerAdvice beans: 0 @ModelAttribute, 0 @InitBinder, 1 RequestBodyAdvice, 1 ResponseBodyAdvice
2024-08-11T12:47:27.498+05:30 DEBUG 17580 --- [dsa-tracker-service] [restartedMain] .m.m.a.ExceptionHandlerExceptionResolver : ControllerAdvice beans: 0 @ExceptionHandler, 1 ResponseBodyAdvice
2024-08-11T12:47:27.764+05:30  INFO 17580 --- [dsa-tracker-service] [restartedMain] o.s.b.d.a.OptionalLiveReloadServer       : LiveReload server is running on port 35729
2024-08-11T12:47:27.769+05:30  INFO 17580 --- [dsa-tracker-service] [restartedMain] o.s.b.a.e.web.EndpointLinksResolver      : Exposing 1 endpoint beneath base path '/actuator'
2024-08-11T12:47:27.799+05:30  INFO 17580 --- [dsa-tracker-service] [restartedMain] o.s.b.w.embedded.tomcat.TomcatWebServer  : Tomcat started on port 8080 (http) with context path '/'
2024-08-11T12:47:27.804+05:30  INFO 17580 --- [dsa-tracker-service] [restartedMain] c.a.dsa_tracker.DsaTrackerApplication    : Started DsaTrackerApplication in 1.25 seconds (process running for 182.728)
2024-08-11T12:47:27.807+05:30  INFO 17580 --- [dsa-tracker-service] [restartedMain] .ConditionEvaluationDeltaLoggingListener : Condition evaluation unchanged
